<?xml version="1.0" encoding="UTF-8"?>
<testng-results skipped="0" failed="0" ignored="0" total="3" passed="3">
  <reporter-output>
  </reporter-output>
  <suite name="Default suite" duration-ms="49587" started-at="2018-11-27T18:45:44Z" finished-at="2018-11-27T18:46:33Z">
    <groups>
    </groups>
    <test name="Default test" duration-ms="49587" started-at="2018-11-27T18:45:44Z" finished-at="2018-11-27T18:46:33Z">
      <class name="DesafioTeste1">
        <test-method status="PASS" signature="beforeClass()[pri:0, instance:DesafioTeste1@2b98378d]" name="beforeClass" is-config="true" duration-ms="923" started-at="2018-11-27T18:45:44Z" finished-at="2018-11-27T18:45:45Z">
          <reporter-output>
          </reporter-output>
        </test-method> <!-- beforeClass -->
        <test-method status="PASS" signature="verificarSeContemTexto()[pri:0, instance:DesafioTeste1@2b98378d]" name="verificarSeContemTexto" duration-ms="26686" started-at="2018-11-27T18:45:45Z" finished-at="2018-11-27T18:46:11Z">
          <reporter-output>
          </reporter-output>
        </test-method> <!-- verificarSeContemTexto -->
        <test-method status="PASS" signature="compararDatas()[pri:1, instance:DesafioTeste1@2b98378d]" name="compararDatas" duration-ms="11465" started-at="2018-11-27T18:46:11Z" finished-at="2018-11-27T18:46:23Z">
          <reporter-output>
          </reporter-output>
        </test-method> <!-- compararDatas -->
        <test-method status="PASS" signature="validarVersaoPro()[pri:2, instance:DesafioTeste1@2b98378d]" name="validarVersaoPro" duration-ms="10415" started-at="2018-11-27T18:46:23Z" finished-at="2018-11-27T18:46:33Z">
          <reporter-output>
          </reporter-output>
        </test-method> <!-- validarVersaoPro -->
        <test-method status="PASS" signature="afterClass()[pri:0, instance:DesafioTeste1@2b98378d]" name="afterClass" is-config="true" duration-ms="75" started-at="2018-11-27T18:46:33Z" finished-at="2018-11-27T18:46:33Z">
          <reporter-output>
          </reporter-output>
        </test-method> <!-- afterClass -->
      </class> <!-- DesafioTeste1 -->
    </test> <!-- Default test -->
  </suite> <!-- Default suite -->
</testng-results>
